<?xml version="1.0" encoding="UTF-8"?>
<testsuite xmlns:xsi="http://www.w3.org/2001/XMLSchema-instance" xsi:noNamespaceSchemaLocation="https://maven.apache.org/surefire/maven-surefire-plugin/xsd/surefire-test-report.xsd" name="TestSuite" time="11.102" tests="66" errors="0" skipped="0" failures="13">
  <properties>
[...]
</properties>
  <testcase name="testRegister" classname="com.lemon.testcase.LemonRegister" time="2.093">
    <failure type="java.lang.NullPointerException">java.lang.NullPointerException
	at com.lemon.testcase.LemonRegister.testRegister(LemonRegister.java:114)
</failure>
    <system-out><![CDATA[0
{{phone_investor}}
phone_investor
{{phone_investor}}
phone_investor
{{phone_investor}}
phone_investor
接口断言成功，断言内容：：实际结果：0 预期结果：0
接口断言成功，断言内容：：实际结果：OK 预期结果：OK
接口断言成功，断言内容：：实际结果：13123302546 预期结果：13123302546
1
数据库断言成功，断言内容：：实际结果：1 预期结果：1
]]></system-out>
    <system-err><![CDATA[SLF4J: Failed to load class "org.slf4j.impl.StaticLoggerBinder".
SLF4J: Defaulting to no-operation (NOP) logger implementation
SLF4J: See http://www.slf4j.org/codes.html#StaticLoggerBinder for further details.
]]></system-err>
  </testcase>
  <testcase name="testRegister" classname="com.lemon.testcase.LemonRegister" time="0.489">
    <failure type="java.lang.NullPointerException">java.lang.NullPointerException
	at com.lemon.testcase.LemonRegister.testRegister(LemonRegister.java:114)
</failure>
    <system-out><![CDATA[0
{{phone_borrower}}
phone_borrower
{{phone_borrower}}
phone_borrower
{{phone_borrower}}
phone_borrower
接口断言成功，断言内容：：实际结果：0 预期结果：0
接口断言成功，断言内容：：实际结果：OK 预期结果：OK
接口断言成功，断言内容：：实际结果：13135263576 预期结果：13135263576
1
数据库断言成功，断言内容：：实际结果：1 预期结果：1
]]></system-out>
  </testcase>
  <testcase name="testRegister" classname="com.lemon.testcase.LemonRegister" time="0.486">
    <failure type="java.lang.NullPointerException">java.lang.NullPointerException
	at com.lemon.testcase.LemonRegister.testRegister(LemonRegister.java:114)
</failure>
    <system-out><![CDATA[0
{{phone_admin}}
phone_admin
{{phone_admin}}
phone_admin
{{phone_admin}}
phone_admin
接口断言成功，断言内容：：实际结果：0 预期结果：0
接口断言成功，断言内容：：实际结果：OK 预期结果：OK
接口断言成功，断言内容：：实际结果：13113643266 预期结果：13113643266
1
数据库断言成功，断言内容：：实际结果：1 预期结果：1
]]></system-out>
  </testcase>
  <testcase name="testRegister" classname="com.lemon.testcase.LemonRegister" time="0.17">
    <failure type="java.lang.NullPointerException">java.lang.NullPointerException
	at com.lemon.testcase.LemonRegister.testRegister(LemonRegister.java:114)
</failure>
    <system-out><![CDATA[接口断言成功，断言内容：：实际结果：2 预期结果：2
接口断言成功，断言内容：：实际结果：账号已存在 预期结果：账号已存在
]]></system-out>
  </testcase>
  <testcase name="testRegister" classname="com.lemon.testcase.LemonRegister" time="0.062">
    <failure type="java.lang.NullPointerException">java.lang.NullPointerException
	at com.lemon.testcase.LemonRegister.testRegister(LemonRegister.java:114)
</failure>
    <system-out><![CDATA[接口断言成功，断言内容：：实际结果：2 预期结果：2
接口断言成功，断言内容：：实际结果：无效的手机格式 预期结果：无效的手机格式
]]></system-out>
  </testcase>
  <testcase name="testRegister" classname="com.lemon.testcase.LemonRegister" time="0.087">
    <failure type="java.lang.NullPointerException">java.lang.NullPointerException
	at com.lemon.testcase.LemonRegister.testRegister(LemonRegister.java:114)
</failure>
    <system-out><![CDATA[接口断言成功，断言内容：：实际结果：2 预期结果：2
接口断言成功，断言内容：：实际结果：无效的手机格式 预期结果：无效的手机格式
]]></system-out>
  </testcase>
  <testcase name="testRegister" classname="com.lemon.testcase.LemonRegister" time="0.16">
    <failure type="java.lang.NullPointerException">java.lang.NullPointerException
	at com.lemon.testcase.LemonRegister.testRegister(LemonRegister.java:114)
</failure>
    <system-out><![CDATA[接口断言成功，断言内容：：实际结果：2 预期结果：2
接口断言成功，断言内容：：实际结果：账号已存在 预期结果：账号已存在
]]></system-out>
  </testcase>
  <testcase name="testRegister" classname="com.lemon.testcase.LemonRegister" time="0.065">
    <failure type="java.lang.NullPointerException">java.lang.NullPointerException
	at com.lemon.testcase.LemonRegister.testRegister(LemonRegister.java:114)
</failure>
    <system-out><![CDATA[接口断言成功，断言内容：：实际结果：2 预期结果：2
接口断言成功，断言内容：：实际结果：无效的手机格式 预期结果：无效的手机格式
]]></system-out>
  </testcase>
  <testcase name="testRegister" classname="com.lemon.testcase.LemonRegister" time="0.059">
    <failure type="java.lang.NullPointerException">java.lang.NullPointerException
	at com.lemon.testcase.LemonRegister.testRegister(LemonRegister.java:114)
</failure>
    <system-out><![CDATA[接口断言成功，断言内容：：实际结果：2 预期结果：2
接口断言成功，断言内容：：实际结果：无效的手机格式 预期结果：无效的手机格式
]]></system-out>
  </testcase>
  <testcase name="testRegister" classname="com.lemon.testcase.LemonRegister" time="0.055">
    <failure type="java.lang.NullPointerException">java.lang.NullPointerException
	at com.lemon.testcase.LemonRegister.testRegister(LemonRegister.java:114)
</failure>
    <system-out><![CDATA[接口断言成功，断言内容：：实际结果：1 预期结果：1
接口断言成功，断言内容：：实际结果：手机号为空 预期结果：手机号为空
]]></system-out>
  </testcase>
  <testcase name="testRegister" classname="com.lemon.testcase.LemonRegister" time="0.053">
    <failure type="java.lang.NullPointerException">java.lang.NullPointerException
	at com.lemon.testcase.LemonRegister.testRegister(LemonRegister.java:114)
</failure>
    <system-out><![CDATA[接口断言成功，断言内容：：实际结果：2 预期结果：2
接口断言成功，断言内容：：实际结果：密码格式为8到16位 预期结果：密码格式为8到16位
]]></system-out>
  </testcase>
  <testcase name="testRegister" classname="com.lemon.testcase.LemonRegister" time="0.061">
    <failure type="java.lang.NullPointerException">java.lang.NullPointerException
	at com.lemon.testcase.LemonRegister.testRegister(LemonRegister.java:114)
</failure>
    <system-out><![CDATA[接口断言成功，断言内容：：实际结果：2 预期结果：2
接口断言成功，断言内容：：实际结果：密码格式为8到16位 预期结果：密码格式为8到16位
]]></system-out>
  </testcase>
  <testcase name="testRegister" classname="com.lemon.testcase.LemonRegister" time="0.057">
    <failure type="java.lang.NullPointerException">java.lang.NullPointerException
	at com.lemon.testcase.LemonRegister.testRegister(LemonRegister.java:114)
</failure>
    <system-out><![CDATA[接口断言成功，断言内容：：实际结果：1 预期结果：1
接口断言成功，断言内容：：实际结果：密码为空 预期结果：密码为空
]]></system-out>
  </testcase>
  <testcase name="testLogin" classname="com.lemon.testcase.LemonLogin" time="0.207"/>
  <testcase name="testLogin" classname="com.lemon.testcase.LemonLogin" time="0.181"/>
  <testcase name="testLogin" classname="com.lemon.testcase.LemonLogin" time="0.202"/>
  <testcase name="testLogin" classname="com.lemon.testcase.LemonLogin" time="0.075"/>
  <testcase name="testLogin" classname="com.lemon.testcase.LemonLogin" time="0.058"/>
  <testcase name="testLogin" classname="com.lemon.testcase.LemonLogin" time="0.153"/>
  <testcase name="testLogin" classname="com.lemon.testcase.LemonLogin" time="0.06"/>
  <testcase name="testLogin" classname="com.lemon.testcase.LemonLogin" time="0.06"/>
  <testcase name="testLogin" classname="com.lemon.testcase.LemonLogin" time="0.065"/>
  <testcase name="testLogin" classname="com.lemon.testcase.LemonLogin" time="0.159"/>
  <testcase name="testLogin" classname="com.lemon.testcase.LemonLogin" time="0.16"/>
  <testcase name="testLogin" classname="com.lemon.testcase.LemonLogin" time="0.055"/>
  <testcase name="testGetUserInfo" classname="com.lemon.testcase.LemonGetUserInfo" time="0.085"/>
  <testcase name="testGetUserInfo" classname="com.lemon.testcase.LemonGetUserInfo" time="0.053"/>
  <testcase name="testGetUserInfo" classname="com.lemon.testcase.LemonGetUserInfo" time="0.051"/>
  <testcase name="testRecharge" classname="com.lemon.testcase.LemonRecharge" time="0.374"/>
  <testcase name="testRecharge" classname="com.lemon.testcase.LemonRecharge" time="0.293"/>
  <testcase name="testRecharge" classname="com.lemon.testcase.LemonRecharge" time="0.091"/>
  <testcase name="testRecharge" classname="com.lemon.testcase.LemonRecharge" time="0.051"/>
  <testcase name="testRecharge" classname="com.lemon.testcase.LemonRecharge" time="0.052"/>
  <testcase name="testRecharge" classname="com.lemon.testcase.LemonRecharge" time="0.052"/>
  <testcase name="testRecharge" classname="com.lemon.testcase.LemonRecharge" time="0.052"/>
  <testcase name="testRecharge" classname="com.lemon.testcase.LemonRecharge" time="0.051"/>
  <testcase name="testRecharge" classname="com.lemon.testcase.LemonRecharge" time="0.061"/>
  <testcase name="testRecharge" classname="com.lemon.testcase.LemonRecharge" time="0.06"/>
  <testcase name="testWithdraw" classname="com.lemon.testcase.LemonWithdraw" time="0.294"/>
  <testcase name="testWithdraw" classname="com.lemon.testcase.LemonWithdraw" time="0.298"/>
  <testcase name="testWithdraw" classname="com.lemon.testcase.LemonWithdraw" time="0.068"/>
  <testcase name="testWithdraw" classname="com.lemon.testcase.LemonWithdraw" time="0.067"/>
  <testcase name="testWithdraw" classname="com.lemon.testcase.LemonWithdraw" time="0.062"/>
  <testcase name="testWithdraw" classname="com.lemon.testcase.LemonWithdraw" time="0.061"/>
  <testcase name="testWithdraw" classname="com.lemon.testcase.LemonWithdraw" time="0.057"/>
  <testcase name="testWithdraw" classname="com.lemon.testcase.LemonWithdraw" time="0.052"/>
  <testcase name="testWithdraw" classname="com.lemon.testcase.LemonWithdraw" time="0.054"/>
  <testcase name="testWithdraw" classname="com.lemon.testcase.LemonWithdraw" time="0.063"/>
  <testcase name="testAdd" classname="com.lemon.testcase.LemonAdd" time="0.275"/>
  <testcase name="testAdd" classname="com.lemon.testcase.LemonAdd" time="0.181"/>
  <testcase name="testAdd" classname="com.lemon.testcase.LemonAdd" time="0.054"/>
  <testcase name="testAdd" classname="com.lemon.testcase.LemonAdd" time="0.06"/>
  <testcase name="testAdd" classname="com.lemon.testcase.LemonAdd" time="0.07"/>
  <testcase name="testAdd" classname="com.lemon.testcase.LemonAdd" time="0.059"/>
  <testcase name="testAdd" classname="com.lemon.testcase.LemonAdd" time="0.059"/>
  <testcase name="testAdd" classname="com.lemon.testcase.LemonAdd" time="0.051"/>
  <testcase name="testAdd" classname="com.lemon.testcase.LemonAdd" time="0.048"/>
  <testcase name="testAdd" classname="com.lemon.testcase.LemonAdd" time="0.051"/>
  <testcase name="testAdd" classname="com.lemon.testcase.LemonAdd" time="0.064"/>
  <testcase name="testAdd" classname="com.lemon.testcase.LemonAdd" time="0.052"/>
  <testcase name="testAdd" classname="com.lemon.testcase.LemonAdd" time="0.061"/>
  <testcase name="testAdd" classname="com.lemon.testcase.LemonAdd" time="0.049"/>
  <testcase name="testAdd" classname="com.lemon.testcase.LemonAdd" time="0.045"/>
  <testcase name="testAudit" classname="com.lemon.testcase.LemonAudit" time="0.08"/>
  <testcase name="testAudit" classname="com.lemon.testcase.LemonAudit" time="0.068"/>
  <testcase name="testAudit" classname="com.lemon.testcase.LemonAudit" time="0.056"/>
</testsuite>