-------------------------------------------------------------------------------
Test set: TestSuite
-------------------------------------------------------------------------------
Tests run: 66, Failures: 13, Errors: 0, Skipped: 0, Time elapsed: 11.102 s <<< FAILURE! - in TestSuite
testRegister(com.lemon.testcase.LemonRegister)  Time elapsed: 2.093 s  <<< FAILURE!
java.lang.NullPointerException
	at com.lemon.testcase.LemonRegister.testRegister(LemonRegister.java:114)

testRegister(com.lemon.testcase.LemonRegister)  Time elapsed: 0.489 s  <<< FAILURE!
java.lang.NullPointerException
	at com.lemon.testcase.LemonRegister.testRegister(LemonRegister.java:114)

testRegister(com.lemon.testcase.LemonRegister)  Time elapsed: 0.486 s  <<< FAILURE!
java.lang.NullPointerException
	at com.lemon.testcase.LemonRegister.testRegister(LemonRegister.java:114)

testRegister(com.lemon.testcase.LemonRegister)  Time elapsed: 0.17 s  <<< FAILURE!
java.lang.NullPointerException
	at com.lemon.testcase.LemonRegister.testRegister(LemonRegister.java:114)

testRegister(com.lemon.testcase.LemonRegister)  Time elapsed: 0.062 s  <<< FAILURE!
java.lang.NullPointerException
	at com.lemon.testcase.LemonRegister.testRegister(LemonRegister.java:114)

testRegister(com.lemon.testcase.LemonRegister)  Time elapsed: 0.087 s  <<< FAILURE!
java.lang.NullPointerException
	at com.lemon.testcase.LemonRegister.testRegister(LemonRegister.java:114)

testRegister(com.lemon.testcase.LemonRegister)  Time elapsed: 0.16 s  <<< FAILURE!
java.lang.NullPointerException
	at com.lemon.testcase.LemonRegister.testRegister(LemonRegister.java:114)

testRegister(com.lemon.testcase.LemonRegister)  Time elapsed: 0.065 s  <<< FAILURE!
java.lang.NullPointerException
	at com.lemon.testcase.LemonRegister.testRegister(LemonRegister.java:114)

testRegister(com.lemon.testcase.LemonRegister)  Time elapsed: 0.059 s  <<< FAILURE!
java.lang.NullPointerException
	at com.lemon.testcase.LemonRegister.testRegister(LemonRegister.java:114)

testRegister(com.lemon.testcase.LemonRegister)  Time elapsed: 0.055 s  <<< FAILURE!
java.lang.NullPointerException
	at com.lemon.testcase.LemonRegister.testRegister(LemonRegister.java:114)

testRegister(com.lemon.testcase.LemonRegister)  Time elapsed: 0.053 s  <<< FAILURE!
java.lang.NullPointerException
	at com.lemon.testcase.LemonRegister.testRegister(LemonRegister.java:114)

testRegister(com.lemon.testcase.LemonRegister)  Time elapsed: 0.061 s  <<< FAILURE!
java.lang.NullPointerException
	at com.lemon.testcase.LemonRegister.testRegister(LemonRegister.java:114)

testRegister(com.lemon.testcase.LemonRegister)  Time elapsed: 0.057 s  <<< FAILURE!
java.lang.NullPointerException
	at com.lemon.testcase.LemonRegister.testRegister(LemonRegister.java:114)

